"../../../../../../Users/theja/git/Child_of_the_Forest/Content/Textures/BirchTree/BirchTree_Trunk_BaseColor.uasset" 0
"../../../../../../Users/theja/git/Child_of_the_Forest/Content/Textures/BirchTree/BirchTree_Trunk_Normal.uasset" 1
"../../../../../../Users/theja/git/Child_of_the_Forest/Content/Textures/BirchTree/BirchTree_Trunk_OcclusionRoughnessMetallic.uasset" 2
"../../../../../../Users/theja/git/Child_of_the_Forest/Content/Materials/Birch_Trunk.uasset" 3
"../../../../../../Users/theja/git/Child_of_the_Forest/Content/Textures/BirchTree/BirchTree_Bottom_BaseColor.uasset" 4
"../../../../../../Users/theja/git/Child_of_the_Forest/Content/Textures/BirchTree/BirchTree_Bottom_Normal.uasset" 5
"../../../../../../Users/theja/git/Child_of_the_Forest/Content/Textures/BirchTree/BirchTree_Bottom_OcclusionRoughnessMetallic.uasset" 6
"../../../../../../Users/theja/git/Child_of_the_Forest/Content/Materials/BirchBottom.uasset" 7
"../../../../../../Users/theja/git/Child_of_the_Forest/Content/Textures/BirchTree/BirchTree_L_BaseColor.uasset" 8
"../../../../../../Users/theja/git/Child_of_the_Forest/Content/Textures/BirchTree/BirchTree_L_Normal.uasset" 9
"../../../../../../Users/theja/git/Child_of_the_Forest/Content/Textures/BirchTree/BirchTree_L_OcclusionRoughnessMetallic.uasset" 10
"../../../../../../Users/theja/git/Child_of_the_Forest/Content/Materials/BirchL.uasset" 11
"../../../../../../Users/theja/git/Child_of_the_Forest/Content/Textures/BirchTree/BirchTree_M_BaseColor.uasset" 12
"../../../../../../Users/theja/git/Child_of_the_Forest/Content/Textures/BirchTree/BirchTree_M_Normal.uasset" 13
"../../../../../../Users/theja/git/Child_of_the_Forest/Content/Textures/BirchTree/BirchTree_M_OcclusionRoughnessMetallic.uasset" 14
"../../../../../../Users/theja/git/Child_of_the_Forest/Content/Materials/BirchM.uasset" 15
"../../../../../../Users/theja/git/Child_of_the_Forest/Content/Textures/BirchTree/BirchTree_R_BaseColor.uasset" 16
"../../../../../../Users/theja/git/Child_of_the_Forest/Content/Textures/BirchTree/BirchTree_R_Normal.uasset" 17
"../../../../../../Users/theja/git/Child_of_the_Forest/Content/Textures/BirchTree/BirchTree_R_OcclusionRoughnessMetallic.uasset" 18
"../../../../../../Users/theja/git/Child_of_the_Forest/Content/Materials/BirchR.uasset" 19
"../../../../../../Users/theja/git/Child_of_the_Forest/Content/Textures/BirchTree/BirchTree_Tiny_BaseColor.uasset" 20
"../../../../../../Users/theja/git/Child_of_the_Forest/Content/Textures/BirchTree/BirchTree_Tiny_Normal.uasset" 21
"../../../../../../Users/theja/git/Child_of_the_Forest/Content/Textures/BirchTree/BirchTree_Tiny_OcclusionRoughnessMetallic.uasset" 22
"../../../../../../Users/theja/git/Child_of_the_Forest/Content/Materials/BirchTiny.uasset" 23
"../../../../../../Users/theja/git/Child_of_the_Forest/Content/Textures/BirchTree/BirchTree_TL_BaseColor.uasset" 24
"../../../../../../Users/theja/git/Child_of_the_Forest/Content/Textures/BirchTree/BirchTree_TL_Normal.uasset" 25
"../../../../../../Users/theja/git/Child_of_the_Forest/Content/Textures/BirchTree/BirchTree_TL_OcclusionRoughnessMetallic.uasset" 26
"../../../../../../Users/theja/git/Child_of_the_Forest/Content/Materials/BirchTL.uasset" 27
"../../../../../../Users/theja/git/Child_of_the_Forest/Content/Textures/BirchTree/BirchTree_TR_BaseColor.uasset" 28
"../../../../../../Users/theja/git/Child_of_the_Forest/Content/Textures/BirchTree/BirchTree_TR_Normal.uasset" 29
"../../../../../../Users/theja/git/Child_of_the_Forest/Content/Textures/BirchTree/BirchTree_TR_OcclusionRoughnessMetallic.uasset" 30
"../../../../../../Users/theja/git/Child_of_the_Forest/Content/Materials/BirchTR.uasset" 31
"../../../../../../Users/theja/git/Child_of_the_Forest/Content/Assets/BirchTree.uasset" 32
"../../../../../../Users/theja/git/Child_of_the_Forest/Content/Textures/Autumn/BirchTree_Bottom_BaseColor.uasset" 33
"../../../../../../Users/theja/git/Child_of_the_Forest/Content/Textures/Autumn/BirchTree_Bottom_Normal.uasset" 34
"../../../../../../Users/theja/git/Child_of_the_Forest/Content/Textures/Autumn/BirchTree_Bottom_OcclusionRoughnessMetallic.uasset" 35
"../../../../../../Users/theja/git/Child_of_the_Forest/Content/Materials/AutumnBottom.uasset" 36
"../../../../../../Users/theja/git/Child_of_the_Forest/Content/Textures/Autumn/BirchTree_L_BaseColor.uasset" 37
"../../../../../../Users/theja/git/Child_of_the_Forest/Content/Textures/Autumn/BirchTree_L_Normal.uasset" 38
"../../../../../../Users/theja/git/Child_of_the_Forest/Content/Textures/Autumn/BirchTree_L_OcclusionRoughnessMetallic.uasset" 39
"../../../../../../Users/theja/git/Child_of_the_Forest/Content/Materials/AutumnL.uasset" 40
"../../../../../../Users/theja/git/Child_of_the_Forest/Content/Textures/Autumn/BirchTree_M_BaseColor.uasset" 41
"../../../../../../Users/theja/git/Child_of_the_Forest/Content/Textures/Autumn/BirchTree_M_Normal.uasset" 42
"../../../../../../Users/theja/git/Child_of_the_Forest/Content/Textures/Autumn/BirchTree_M_OcclusionRoughnessMetallic.uasset" 43
"../../../../../../Users/theja/git/Child_of_the_Forest/Content/Materials/AutumnM.uasset" 44
"../../../../../../Users/theja/git/Child_of_the_Forest/Content/Textures/Autumn/BirchTree_R_BaseColor.uasset" 45
"../../../../../../Users/theja/git/Child_of_the_Forest/Content/Textures/Autumn/BirchTree_R_Normal.uasset" 46
"../../../../../../Users/theja/git/Child_of_the_Forest/Content/Textures/Autumn/BirchTree_R_OcclusionRoughnessMetallic.uasset" 47
"../../../../../../Users/theja/git/Child_of_the_Forest/Content/Materials/AutumnR.uasset" 48
"../../../../../../Users/theja/git/Child_of_the_Forest/Content/Textures/Autumn/BirchTree_Tiny_BaseColor.uasset" 49
"../../../../../../Users/theja/git/Child_of_the_Forest/Content/Textures/Autumn/BirchTree_Tiny_Normal.uasset" 50
"../../../../../../Users/theja/git/Child_of_the_Forest/Content/Textures/Autumn/BirchTree_Tiny_OcclusionRoughnessMetallic.uasset" 51
"../../../../../../Users/theja/git/Child_of_the_Forest/Content/Materials/AutumntINY.uasset" 52
"../../../../../../Users/theja/git/Child_of_the_Forest/Content/Textures/Autumn/BirchTree_TL_BaseColor.uasset" 53
"../../../../../../Users/theja/git/Child_of_the_Forest/Content/Textures/Autumn/BirchTree_TL_Normal.uasset" 54
"../../../../../../Users/theja/git/Child_of_the_Forest/Content/Textures/Autumn/BirchTree_TL_OcclusionRoughnessMetallic.uasset" 55
"../../../../../../Users/theja/git/Child_of_the_Forest/Content/Materials/AutumnTL.uasset" 56
"../../../../../../Users/theja/git/Child_of_the_Forest/Content/Textures/Autumn/BirchTree_TR_BaseColor.uasset" 57
"../../../../../../Users/theja/git/Child_of_the_Forest/Content/Textures/Autumn/BirchTree_TR_Normal.uasset" 58
"../../../../../../Users/theja/git/Child_of_the_Forest/Content/Textures/Autumn/BirchTree_TR_OcclusionRoughnessMetallic.uasset" 59
"../../../../../../Users/theja/git/Child_of_the_Forest/Content/Materials/AutumnTR.uasset" 60
"../../../../../../Users/theja/git/Child_of_the_Forest/Content/Assets/BirchTree_Autumn.uasset" 61
"../../../../../../Users/theja/git/Child_of_the_Forest/Content/Textures/Bushes/Bush1_lambert10_BaseColor.uasset" 62
"../../../../../../Users/theja/git/Child_of_the_Forest/Content/Textures/Bushes/Bush1_lambert10_Normal.uasset" 63
"../../../../../../Users/theja/git/Child_of_the_Forest/Content/Textures/Bushes/Bush1_lambert10_OcclusionRoughnessMetallic.uasset" 64
"../../../../../../Users/theja/git/Child_of_the_Forest/Content/Materials/Bush1.uasset" 65
"../../../../../../Users/theja/git/Child_of_the_Forest/Content/Textures/Bushes/Bush1_lambert1_BaseColor.uasset" 66
"../../../../../../Users/theja/git/Child_of_the_Forest/Content/Textures/Bushes/Bush1_lambert1_Normal.uasset" 67
"../../../../../../Users/theja/git/Child_of_the_Forest/Content/Textures/Bushes/Bush1_lambert1_OcclusionRoughnessMetallic.uasset" 68
"../../../../../../Users/theja/git/Child_of_the_Forest/Content/Materials/Bush2.uasset" 69
"../../../../../../Users/theja/git/Child_of_the_Forest/Content/Textures/Bushes/Bush1_lambert11_BaseColor.uasset" 70
"../../../../../../Users/theja/git/Child_of_the_Forest/Content/Textures/Bushes/Bush1_lambert11_Normal.uasset" 71
"../../../../../../Users/theja/git/Child_of_the_Forest/Content/Textures/Bushes/Bush1_lambert11_OcclusionRoughnessMetallic.uasset" 72
"../../../../../../Users/theja/git/Child_of_the_Forest/Content/Materials/Bush3.uasset" 73
"../../../../../../Users/theja/git/Child_of_the_Forest/Content/Assets/Bush1.uasset" 74
"../../../../../../Users/theja/git/Child_of_the_Forest/Content/Textures/Bushes/Bush2_lambert1_BaseColor.uasset" 75
"../../../../../../Users/theja/git/Child_of_the_Forest/Content/Textures/Bushes/Bush2_lambert1_Normal.uasset" 76
"../../../../../../Users/theja/git/Child_of_the_Forest/Content/Textures/Bushes/Bush2_lambert1_OcclusionRoughnessMetallic.uasset" 77
"../../../../../../Users/theja/git/Child_of_the_Forest/Content/Materials/FBush1.uasset" 78
"../../../../../../Users/theja/git/Child_of_the_Forest/Content/Textures/Bushes/Bush2_lambert3_BaseColor.uasset" 79
"../../../../../../Users/theja/git/Child_of_the_Forest/Content/Textures/Bushes/Bush2_lambert3_Normal.uasset" 80
"../../../../../../Users/theja/git/Child_of_the_Forest/Content/Textures/Bushes/Bush2_lambert3_OcclusionRoughnessMetallic.uasset" 81
"../../../../../../Users/theja/git/Child_of_the_Forest/Content/Materials/FBush2.uasset" 82
"../../../../../../Users/theja/git/Child_of_the_Forest/Content/Textures/Bushes/Bush2_lambert7_BaseColor.uasset" 83
"../../../../../../Users/theja/git/Child_of_the_Forest/Content/Textures/Bushes/Bush2_lambert7_Normal.uasset" 84
"../../../../../../Users/theja/git/Child_of_the_Forest/Content/Textures/Bushes/Bush2_lambert7_OcclusionRoughnessMetallic.uasset" 85
"../../../../../../Users/theja/git/Child_of_the_Forest/Content/Materials/FBush3.uasset" 86
"../../../../../../Users/theja/git/Child_of_the_Forest/Content/Assets/Bush2.uasset" 87
"../../../../../../Users/theja/git/Child_of_the_Forest/Content/Textures/GrassTuft2_lambert11_BaseColor.uasset" 88
"../../../../../../Users/theja/git/Child_of_the_Forest/Content/Materials/Grass2.uasset" 89
"../../../../../../Users/theja/git/Child_of_the_Forest/Content/Textures/GrassTuft2_lambert1_BaseColor.uasset" 90
"../../../../../../Users/theja/git/Child_of_the_Forest/Content/Materials/Grass3.uasset" 91
"../../../../../../Users/theja/git/Child_of_the_Forest/Content/Assets/GrassTuft1.uasset" 92
"../../../../../../Users/theja/git/Child_of_the_Forest/Content/Textures/GrassTuft2_lambert10_BaseColor.uasset" 93
"../../../../../../Users/theja/git/Child_of_the_Forest/Content/Materials/Grass1.uasset" 94
"../../../../../../Users/theja/git/Child_of_the_Forest/Content/Assets/GrassTuft2.uasset" 95
"../../../../../../Users/theja/git/Child_of_the_Forest/Content/Textures/PineTree/PineTree_Separated_lambert2_BaseColor.uasset" 96
"../../../../../../Users/theja/git/Child_of_the_Forest/Content/Textures/PineTree/PineTree_Separated_lambert2_Normal.uasset" 97
"../../../../../../Users/theja/git/Child_of_the_Forest/Content/Textures/PineTree/PineTree_Separated_lambert2_OcclusionRoughnessMetallic.uasset" 98
"../../../../../../Users/theja/git/Child_of_the_Forest/Content/Materials/PineLeaves.uasset" 99
"../../../../../../Users/theja/git/Child_of_the_Forest/Content/Textures/PineTree/PineTree_Separated_lambert1_BaseColor.uasset" 100
"../../../../../../Users/theja/git/Child_of_the_Forest/Content/Textures/PineTree/PineTree_Separated_lambert1_Normal.uasset" 101
"../../../../../../Users/theja/git/Child_of_the_Forest/Content/Textures/PineTree/PineTree_Separated_lambert1_OcclusionRoughnessMetallic.uasset" 102
"../../../../../../Users/theja/git/Child_of_the_Forest/Content/Materials/PineTrunk.uasset" 103
"../../../../../../Users/theja/git/Child_of_the_Forest/Content/Assets/PineTree.uasset" 104
"../../../../../../Users/theja/git/Child_of_the_Forest/Content/Audio/BGM/ambience_01.uasset" 105
"../../../../../../Users/theja/git/Child_of_the_Forest/Content/Audio/BGM/ambience_02.uasset" 106
"../../../../../../Users/theja/git/Child_of_the_Forest/Content/Audio/BGM/ambience_03.uasset" 107
"../../../../../../Users/theja/git/Child_of_the_Forest/Content/Audio/BGM/creepy.uasset" 108
"../../../../../../Users/theja/git/Child_of_the_Forest/Content/Audio/BGM/creepy_noise.uasset" 109
"../../../../../../Users/theja/git/Child_of_the_Forest/Content/Audio/BGM/creepy_piano.uasset" 110
"../../../../../../Users/theja/git/Child_of_the_Forest/Content/Audio/BGM/creepy_quiet.uasset" 111
"../../../../../../Users/theja/git/Child_of_the_Forest/Content/Audio/BGM/dungeon.uasset" 112
"../../../../../../Users/theja/git/Child_of_the_Forest/Content/Audio/BGM/dungeon_final.uasset" 113
"../../../../../../Users/theja/git/Child_of_the_Forest/Content/Audio/BGM/dungeon_main.uasset" 114
"../../../../../../Users/theja/git/Child_of_the_Forest/Content/Audio/BGM/dungeon_main_noise.uasset" 115
"../../../../../../Users/theja/git/Child_of_the_Forest/Content/Audio/BGM/house_01.uasset" 116
"../../../../../../Users/theja/git/Child_of_the_Forest/Content/Audio/BGM/house_03.uasset" 117
"../../../../../../Users/theja/git/Child_of_the_Forest/Content/Audio/BGM/musicbox.uasset" 118
"../../../../../../Users/theja/git/Child_of_the_Forest/Content/Audio/BGM/musicbox_piano.uasset" 119
"../../../../../../Users/theja/git/Child_of_the_Forest/Content/Audio/BGM/shop.uasset" 120
"../../../../../../Users/theja/git/Child_of_the_Forest/Content/Audio/BGM/title.uasset" 121
"../../../../../../Users/theja/git/Child_of_the_Forest/Content/Audio/BGS/ambience_cave.uasset" 122
"../../../../../../Users/theja/git/Child_of_the_Forest/Content/Audio/SFX/walk_grass_1.uasset" 123
"../../../../../../Users/theja/git/Child_of_the_Forest/Content/Audio/SFX/walk_grass_2.uasset" 124
"../../../Engine/Content/EditorBlueprintResources/StandardMacros.uasset" 125
"../../../../../../Users/theja/git/Child_of_the_Forest/Content/Materials/mat_black.uasset" 126
"../../../Engine/Content/Functions/Engine_MaterialFunctions01/Opacity/CameraDepthFade.uasset" 127
"../../../Engine/Content/EngineMaterials/T_Default_Material_Grid_M.uasset" 128
"../../../Engine/Content/EngineMaterials/T_Default_Material_Grid_N.uasset" 129
"../../../Engine/Content/EngineMaterials/WorldGridMaterial.uasset" 130
"../../../../../../Users/theja/git/Child_of_the_Forest/Content/Static_Meshes/playertest_StaticMesh.uasset" 131
"../../../../../../Users/theja/git/Child_of_the_Forest/Content/Blueprints/BP_Ghost.uasset" 132
"../../../../../../Users/theja/git/Child_of_the_Forest/Content/Blueprints/TreeAndBridgeButtons/TheseWorkWithGhost/BP_InteractButtonGhost.uasset" 133
"../../../../../../Users/theja/git/Child_of_the_Forest/Content/Audio/SFX/object_tree_fall.uasset" 134
"../../../../../../Users/theja/git/Child_of_the_Forest/Content/Blueprints/TreeAndBridgeButtons/TheseWorkWithGhost/BP_TreeButtonGhost.uasset" 135
"../../../../../../Users/theja/git/Child_of_the_Forest/Content/Materials/mat_treetest.uasset" 136
"../../../../../../Users/theja/git/Child_of_the_Forest/Content/Static_Meshes/PineTree.uasset" 137
"../../../../../../Users/theja/git/Child_of_the_Forest/Content/Blueprints/BP_BigTree.uasset" 138
"../../../../../../Users/theja/git/Child_of_the_Forest/Content/Blueprints/BP_BigTree_Child.uasset" 139
"../../../../../../Users/theja/git/Child_of_the_Forest/Content/Blueprints/BP_BridgeButton1.uasset" 140
"../../../../../../Users/theja/git/Child_of_the_Forest/Content/Blueprints/BP_BridgeButton1_Child.uasset" 141
"../../../../../../Users/theja/git/Child_of_the_Forest/Content/Blueprints/Cameras/BP_Camera.uasset" 142
"../../../../../../Users/theja/git/Child_of_the_Forest/Content/Blueprints/Cameras/BP_CamLevel1Witch.uasset" 143
"../../../../../../Users/theja/git/Child_of_the_Forest/Content/Blueprints/BP_CamLevel1Witch.uasset" 144
"../../../../../../Users/theja/git/Child_of_the_Forest/Content/Blueprints/BP_CameraFollow1.uasset" 145
"../../../../../../Users/theja/git/Child_of_the_Forest/Content/Blueprints/BP_CameraFollow.uasset" 146
"../../../../../../Users/theja/git/Child_of_the_Forest/Content/Blueprints/Cameras/BP_CamLevel1Ghost.uasset" 147
"../../../../../../Users/theja/git/Child_of_the_Forest/Content/Blueprints/BP_CamLevel1Ghost.uasset" 148
"../../../../../../Users/theja/git/Child_of_the_Forest/Content/Blueprints/BP_CameraFollow2.uasset" 149
"../../../../../../Users/theja/git/Child_of_the_Forest/Content/Blueprints/Cameras/BP_CamMainGhost.uasset" 150
"../../../../../../Users/theja/git/Child_of_the_Forest/Content/Blueprints/BP_CamMainGhost.uasset" 151
"../../../Engine/Content/BasicShapes/BasicShapeMaterial.uasset" 152
"../../../../../../Users/theja/git/Child_of_the_Forest/Content/Static_Meshes/lambert2.uasset" 153
"../../../../../../Users/theja/git/Child_of_the_Forest/Content/Static_Meshes/PushRock_2.uasset" 154
"../../../../../../Users/theja/git/Child_of_the_Forest/Content/Blueprints/Pushing_Box.uasset" 155
"../../../../../../Users/theja/git/Child_of_the_Forest/Content/Materials/mat_playertest.uasset" 156
"../../../../../../Users/theja/git/Child_of_the_Forest/Content/Resources/Fonts/rebucked.uasset" 157
"../../../../../../Users/theja/git/Child_of_the_Forest/Content/Resources/Fonts/rebucked_Font.uasset" 158
"../../../../../../Users/theja/git/Child_of_the_Forest/Content/Resources/Fonts/Spinnenkop_DEMO.uasset" 159
"../../../../../../Users/theja/git/Child_of_the_Forest/Content/Resources/Fonts/Spinnenkop_DEMO_Font.uasset" 160
"../../../../../../Users/theja/git/Child_of_the_Forest/Content/GameUI/UI/PauseMenu.uasset" 161
"../../../../../../Users/theja/git/Child_of_the_Forest/Content/Blueprints/BP_Witch.uasset" 162
"../../../../../../Users/theja/git/Child_of_the_Forest/Content/Blueprints/Cameras/BP_CamMainWitch.uasset" 163
"../../../../../../Users/theja/git/Child_of_the_Forest/Content/Blueprints/BP_CamMainWitch.uasset" 164
"../../../../../../Users/theja/git/Child_of_the_Forest/Content/Static_Meshes/SM_Character.uasset" 165
"../../../../../../Users/theja/git/Child_of_the_Forest/Content/Blueprints/BP_Character.uasset" 166
"../../../../../../Users/theja/git/Child_of_the_Forest/Content/Blueprints/BP_GameMode.uasset" 167
"../../../Engine/Content/EngineMaterials/DefaultMaterial.uasset" 168
"../../../Engine/Content/BasicShapes/Cylinder.uasset" 169
"../../../../../../Users/theja/git/Child_of_the_Forest/Content/Static_Meshes/TestCube.uasset" 170
"../../../../../../Users/theja/git/Child_of_the_Forest/Content/Blueprints/Pushing_Box_2.uasset" 171
"../../../../../../Users/theja/git/Child_of_the_Forest/Content/Blueprints/TreeAndBridgeButtons/BP_TreeButton.uasset" 172
"../../../../../../Users/theja/git/Child_of_the_Forest/Content/GameUI/LevelsUI/World_BuiltData.uasset" 173
"../../../../../../Users/theja/git/Child_of_the_Forest/Content/Levels/Level_1_Whitebox_BuiltData_2.uasset" 174
"../../../../../../Users/theja/git/Child_of_the_Forest/Content/Materials/mat_Light.uasset" 175
"../../../../../../Users/theja/git/Child_of_the_Forest/Content/StaticMeshes/BirchTree_polySurface15.uasset" 176
"../../../../../../Users/theja/git/Child_of_the_Forest/Content/StaticMeshes/BirchTree_polySurface16.uasset" 177
"../../../../../../Users/theja/git/Child_of_the_Forest/Content/StaticMeshes/BirchTree_polySurface17.uasset" 178
"../../../../../../Users/theja/git/Child_of_the_Forest/Content/StaticMeshes/BirchTree_polySurface18.uasset" 179
"../../../../../../Users/theja/git/Child_of_the_Forest/Content/StaticMeshes/BirchTree_polySurface19.uasset" 180
"../../../../../../Users/theja/git/Child_of_the_Forest/Content/StaticMeshes/BirchTree_polySurface20.uasset" 181
"../../../../../../Users/theja/git/Child_of_the_Forest/Content/StaticMeshes/BirchTree_polySurface21.uasset" 182
"../../../../../../Users/theja/git/Child_of_the_Forest/Content/StaticMeshes/BirchTree_polySurface22.uasset" 183
"../../../../../../Users/theja/git/Child_of_the_Forest/Content/StaticMeshes/Bush1_pSphere10.uasset" 184
"../../../../../../Users/theja/git/Child_of_the_Forest/Content/StaticMeshes/Bush1_pSphere11.uasset" 185
"../../../../../../Users/theja/git/Child_of_the_Forest/Content/StaticMeshes/Bush1_pSphere9.uasset" 186
"../../../../../../Users/theja/git/Child_of_the_Forest/Content/StaticMeshes/Bush2_pSphere12.uasset" 187
"../../../../../../Users/theja/git/Child_of_the_Forest/Content/StaticMeshes/Bush2_pSphere13.uasset" 188
"../../../../../../Users/theja/git/Child_of_the_Forest/Content/StaticMeshes/Bush2_pSphere14.uasset" 189
"../../../../../../Users/theja/git/Child_of_the_Forest/Content/StaticMeshes/GrassTuft1_polySurface23.uasset" 190
"../../../../../../Users/theja/git/Child_of_the_Forest/Content/StaticMeshes/GrassTuft1_polySurface24.uasset" 191
"../../../../../../Users/theja/git/Child_of_the_Forest/Content/StaticMeshes/GrassTuft1_polySurface25.uasset" 192
"../../../../../../Users/theja/git/Child_of_the_Forest/Content/StaticMeshes/GrassTuft1_polySurface26.uasset" 193
"../../../../../../Users/theja/git/Child_of_the_Forest/Content/StaticMeshes/GrassTuft2_polySurface27.uasset" 194
"../../../../../../Users/theja/git/Child_of_the_Forest/Content/StaticMeshes/GrassTuft2_polySurface28.uasset" 195
"../../../../../../Users/theja/git/Child_of_the_Forest/Content/StaticMeshes/GrassTuft2_polySurface29.uasset" 196
"../../../../../../Users/theja/git/Child_of_the_Forest/Content/StaticMeshes/GrassTuft2_polySurface30.uasset" 197
"../../../../../../Users/theja/git/Child_of_the_Forest/Content/StaticMeshes/PineTreeTest_polySurface31.uasset" 198
"../../../../../../Users/theja/git/Child_of_the_Forest/Content/StaticMeshes/PineTreeTest_polySurface32.uasset" 199
"../../../../../../Users/theja/git/Child_of_the_Forest/Content/Static_Meshes/pushing_rock.uasset" 200
"../../../../../../Users/theja/git/Child_of_the_Forest/Content/Static_Meshes/PushRock.uasset" 201
"../../../../../../Users/theja/git/Child_of_the_Forest/Content/Materials/mat_grey.uasset" 202
"../../../../../../Users/theja/git/Child_of_the_Forest/Content/Static_Meshes/SM_BridgeAttempt2.uasset" 203
"../../../../../../Users/theja/git/Child_of_the_Forest/Content/Test/RiverPuzzleResources/RiverPlatforms/Platform1_StaticMesh.uasset" 204
"../../../../../../Users/theja/git/Child_of_the_Forest/Content/Test/Platform1_StaticMesh.uasset" 205
"../../../../../../Users/theja/git/Child_of_the_Forest/Content/Test/RiverPuzzleResources/River.uasset" 206
"../../../../../../Users/theja/git/Child_of_the_Forest/Content/Test/River.uasset" 207
"../../../../../../Users/theja/git/Child_of_the_Forest/Content/Textures/rock_tex.uasset" 208
"../../../Engine/Content/Animation/DefaultAnimCurveCompressionSettings.uasset" 209
"../../../Engine/Content/ArtTools/RenderToTexture/Meshes/S_1_Unit_Plane.uasset" 210
"../../../Engine/Content/BasicShapes/Cone.uasset" 211
"../../../Engine/Content/BasicShapes/Plane.uasset" 212
"../../../Engine/Content/BasicShapes/Sphere.uasset" 213
"../../../Engine/Content/EditorLandscapeResources/DataLayer.uasset" 214
"../../../Engine/Content/EditorMaterials/GizmoMaterial.uasset" 215
"../../../Engine/Content/EditorMaterials/MAT_Groups_Toggle.uasset" 216
"../../../Engine/Content/EditorMaterials/MAT_Groups_Visibility.uasset" 217
"../../../Engine/Content/EditorMaterials/PreviewShadowIndicator.uasset" 218
"../../../Engine/Content/EditorMaterials/PreviewShadowIndicatorMaterial.uasset" 219
"../../../Engine/Content/EditorMaterials/MatineeGroups/MAT_ColorTrack.uasset" 220
"../../../Engine/Content/EditorMaterials/MatineeGroups/MAT_Groups_Anim.uasset" 221
"../../../Engine/Content/EditorMaterials/MatineeGroups/MAT_Groups_AudioMaster.uasset" 222
"../../../Engine/Content/EditorMaterials/MatineeGroups/MAT_Groups_Director.uasset" 223
"../../../Engine/Content/EditorMaterials/MatineeGroups/MAT_Groups_Event.uasset" 224
"../../../Engine/Content/EditorMaterials/MatineeGroups/MAT_Groups_Fade.uasset" 225
"../../../Engine/Content/EditorMaterials/MatineeGroups/MAT_Groups_Float.uasset" 226
"../../../Engine/Content/EditorMaterials/MatineeGroups/MAT_Groups_Move.uasset" 227
"../../../Engine/Content/EditorMaterials/MatineeGroups/MAT_Groups_Slomo.uasset" 228
"../../../Engine/Content/EditorMaterials/MatineeGroups/MAT_Groups_Sound.uasset" 229
"../../../Engine/Content/EditorMaterials/MatineeGroups/MAT_Groups_Vector.uasset" 230
"../../../Engine/Content/EditorMaterials/ParticleSystems/PSysThumbnail_NoImage.uasset" 231
"../../../Engine/Content/EditorMaterials/ParticleSystems/PSysThumbnail_OOD.uasset" 232
"../../../Engine/Content/EditorMaterials/Camera/CineMat.uasset" 233
"../../../Engine/Content/EditorMaterials/Camera/MI_CineMat_Rig.uasset" 234
"../../../Engine/Content/EditorMeshes/Camera/SM_CraneRig_Arm.uasset" 235
"../../../Engine/Content/EditorMeshes/Camera/SM_CraneRig_Base.uasset" 236
"../../../Engine/Content/EditorMeshes/Camera/SM_CraneRig_Body.uasset" 237
"../../../Engine/Content/EditorMeshes/Camera/SM_CraneRig_Mount.uasset" 238
"../../../Engine/Content/EditorMeshes/Camera/SM_RailRig_Mount.uasset" 239
"../../../Engine/Content/EditorMeshes/Camera/SM_RailRig_Track.uasset" 240
"../../../Engine/Content/EditorResources/BSPVertex.uasset" 241
"../../../Engine/Content/EditorResources/EmptyActor.uasset" 242
"../../../Engine/Content/EditorResources/S_Actor.uasset" 243
"../../../Engine/Content/EditorResources/S_Note.uasset" 244
"../../../Engine/Content/EditorResources/S_Trigger.uasset" 245
"../../../Engine/Content/EditorResources/AudioIcons/S_AudioComponent_AutoActivate.uasset" 246
"../../../Engine/Content/EditorResources/LightIcons/S_LightError.uasset" 247
"../../../Engine/Content/EditorResources/SequenceRecorder/Countdown.uasset" 248
"../../../Engine/Content/EditorResources/SequenceRecorder/RecordingIndicator.uasset" 249
"../../../Engine/Content/EditorSounds/Notifications/CompileFailed.uasset" 250
"../../../Engine/Content/EditorSounds/Notifications/CompileFailed_Cue.uasset" 251
"../../../Engine/Content/EditorSounds/Notifications/CompileSuccess.uasset" 252
"../../../Engine/Content/EditorSounds/Notifications/CompileStart_Cue.uasset" 253
"../../../Engine/Content/EditorSounds/Notifications/CompileSuccess_Cue.uasset" 254
"../../../Engine/Content/EngineDamageTypes/DmgTypeBP_Environmental.uasset" 255
"../../../Engine/Content/EngineDebugMaterials/HeatmapGradient.uasset" 256
"../../../Engine/Content/EngineDebugMaterials/BoneWeightMaterial.uasset" 257
"../../../Engine/Content/EngineDebugMaterials/ClothMaterial.uasset" 258
"../../../Engine/Content/EngineDebugMaterials/ClothMaterial_WF.uasset" 259
"../../../Engine/Content/EngineDebugMaterials/DebugEditorMaterial.uasset" 260
"../../../Engine/Content/EngineDebugMaterials/DebugMeshMaterial.uasset" 261
"../../../Engine/Content/EngineDebugMaterials/GeomMaterial.uasset" 262
"../../../Engine/Content/EngineDebugMaterials/M_SimpleTranslucent.uasset" 263
"../../../Engine/Content/EngineFonts/Faces/RobotoBold.uasset" 264
"../../../Engine/Content/EngineFonts/Faces/RobotoBoldItalic.uasset" 265
"../../../Engine/Content/EngineFonts/Faces/RobotoItalic.uasset" 266
"../../../Engine/Content/EngineFonts/Faces/RobotoLight.uasset" 267
"../../../Engine/Content/EngineFonts/Faces/RobotoRegular.uasset" 268
"../../../Engine/Content/EngineFonts/Roboto.uasset" 269
"../../../Engine/Content/EngineFonts/Faces/RobotoTiny.uasset" 270
"../../../Engine/Content/EngineFonts/RobotoTiny.uasset" 271
"../../../Engine/Content/EngineMaterials/BaseFlattenDiffuseMap.uasset" 272
"../../../Engine/Content/EngineMaterials/BaseFlattenEmissiveMap.uasset" 273
"../../../Engine/Content/EngineMaterials/BaseFlattenGrayscaleMap.uasset" 274
"../../../Engine/Content/EngineMaterials/BaseFlattenNormalMap.uasset" 275
"../../../Engine/Content/EngineMaterials/BaseFlattenMaterial.uasset" 276
"../../../Engine/Content/EngineMaterials/DefaultBloomKernel.uasset" 277
"../../../Engine/Content/EngineMaterials/DefaultBokeh.uasset" 278
"../../../Engine/Content/EngineMaterials/DefaultDiffuse.uasset" 279
"../../../Engine/Content/EngineMaterials/DefaultDeferredDecalMaterial.uasset" 280
"../../../Engine/Content/EngineMaterials/DefaultLightFunctionMaterial.uasset" 281
"../../../Engine/Content/EngineMaterials/DefaultPhysicalMaterial.uasset" 282
"../../../Engine/Content/Functions/Engine_MaterialFunctions02/Utility/BreakOutFloat2Components.uasset" 283
"../../../Engine/Content/EngineMaterials/DefaultPostProcessMaterial.uasset" 284
"../../../Engine/Content/EngineFonts/RobotoDistanceField.uasset" 285
"../../../Engine/Content/EngineMaterials/DefaultTextMaterialOpaque.uasset" 286
"../../../Engine/Content/EngineMaterials/DefaultWhiteGrid.uasset" 287
"../../../Engine/Content/EngineMaterials/EditorBrushMaterial.uasset" 288
"../../../Engine/Content/EngineMaterials/Good64x64TilingNoiseHighFreq.uasset" 289
"../../../Engine/Content/EngineMaterials/MiniFont.uasset" 290
"../../../Engine/Content/EngineMaterials/InvalidLightmapSettings.uasset" 291
"../../../Engine/Content/EngineMaterials/M_InvalidLightmapSettings.uasset" 292
"../../../Engine/Content/Functions/Engine_MaterialFunctions02/WorldPositionOffset/CameraOffset.uasset" 293
"../../../Engine/Content/EngineMaterials/PhAT_JointLimitMaterial.uasset" 294
"../../../Engine/Content/EngineMaterials/PreintegratedSkinBRDF.uasset" 295
"../../../Engine/Content/EngineMaterials/RemoveSurfaceMaterial.uasset" 296
"../../../Engine/Content/EngineMaterials/WeightMapPlaceholderTexture.uasset" 297
"../../../Engine/Content/EngineResources/WhiteSquareTexture.uasset" 298
"../../../Engine/Content/EngineMaterials/Widget3DPassThrough.uasset" 299
"../../../Engine/Content/EngineMaterials/Widget3DPassThrough_Masked.uasset" 300
"../../../Engine/Content/EngineMaterials/Widget3DPassThrough_Opaque.uasset" 301
"../../../Engine/Content/EngineMaterials/Widget3DPassThrough_Masked_OneSided.uasset" 302
"../../../Engine/Content/EngineMaterials/Widget3DPassThrough_Opaque_OneSided.uasset" 303
"../../../Engine/Content/EngineMaterials/Widget3DPassThrough_Translucent.uasset" 304
"../../../Engine/Content/EngineMaterials/Widget3DPassThrough_Translucent_OneSided.uasset" 305
"../../../Engine/Content/EngineMeshes/Cylinder.uasset" 306
"../../../Engine/Content/EngineMeshes/Sphere.uasset" 307
"../../../Engine/Content/EngineResources/Black.uasset" 308
"../../../Engine/Content/EngineResources/DefaultTexture.uasset" 309
"../../../Engine/Content/EngineResources/DefaultTextureCube.uasset" 310
"../../../Engine/Content/EngineResources/DefaultVolumeTexture2D.uasset" 311
"../../../Engine/Content/EngineResources/DefaultVolumeTexture.uasset" 312
"../../../Engine/Content/EngineResources/GradientTexture0.uasset" 313
"../../../Engine/Content/EngineSounds/Master.uasset" 314
"../../../Engine/Content/Functions/Engine_MaterialFunctions01/Shading/ConvertFromDiffSpec.uasset" 315
"../../../Engine/Content/Functions/Engine_MaterialFunctions01/Shading/PowerToRoughness.uasset" 316
"../../../Engine/Content/Maps/Templates/Thumbnails/Default.uasset" 317
"../../../Engine/Content/Maps/Templates/Thumbnails/VR-Basic.uasset" 318
"../../../Engine/Content/MobileResources/T_MobileControls_texture.uasset" 319
"../../../Engine/Content/MobileResources/T_MobileMenu2.uasset" 320
"../../../Engine/Content/MobileResources/HUD/AnalogHat.uasset" 321
"../../../Engine/Content/MobileResources/HUD/VirtualJoystick_Background.uasset" 322
"../../../Engine/Content/MobileResources/HUD/VirtualJoystick_Thumb.uasset" 323
"../../../Engine/Content/MobileResources/HUD/DefaultVirtualJoysticks.uasset" 324
"../../../Engine/Content/MobileResources/HUD/LeftVirtualJoystickOnly.uasset" 325
"../../../Engine/Content/MobileResources/HUD/MobileHUDButton1_off.uasset" 326
"../../../Engine/Content/MobileResources/HUD/MobileHUDButton1_on.uasset" 327
"../../../Engine/Content/MobileResources/HUD/MobileHUDButton2_off.uasset" 328
"../../../Engine/Content/MobileResources/HUD/MobileHUDButton2_on.uasset" 329
"../../../Engine/Content/MobileResources/HUD/MobileHUDButton3.uasset" 330
"../../../Engine/Content/MobileResources/HUD/MobileHUDButtonFire.uasset" 331
"../../../Engine/Content/MobileResources/HUD/MobileHUDDirectionPad.uasset" 332
"../../../Engine/Content/MobileResources/HUD/MobileHUDDirectionPad2.uasset" 333
"../../../Engine/Content/MobileResources/HUD/MobileHUDDirectionPad3.uasset" 334
"../../../Engine/Content/MobileResources/HUD/MobileHUDDirectionStick.uasset" 335
"../../../Engine/Content/MobileResources/HUD/T_Castle_ThumbstickInner.uasset" 336
"../../../Engine/Content/MobileResources/HUD/T_Castle_ThumbstickOutter.uasset" 337
"../../../Engine/Content/Tutorial/ContentIntroCurve.uasset" 338
"../../../Engine/Content/Tutorial/Basics/LevelEditorAttract.uasset" 339
"../../../Engine/Content/VREditor/LaserPointer/VR_LaserPower_01.uasset" 340
"../../../Engine/Content/VREditor/TransformGizmo/TransformGizmoMaterial.uasset" 341
"../../../Engine/Content/VREditor/TransformGizmo/TranslucentTransformGizmoMaterial.uasset" 342
"../../../Engine/Content/VREditor/TransformGizmo/BoundingBoxCorner.uasset" 343
"../../../Engine/Content/VREditor/TransformGizmo/BoundingBoxEdge.uasset" 344
"../../../Engine/Content/VREditor/TransformGizmo/PlaneTranslationHandle.uasset" 345
"../../../Engine/Content/VREditor/TransformGizmo/Main.uasset" 346
"../../../Engine/Content/VREditor/TransformGizmo/Xray.uasset" 347
"../../../Engine/Content/VREditor/TransformGizmo/SM_Sequencer_Key.uasset" 348
"../../../Engine/Content/VREditor/TransformGizmo/SM_Sequencer_Node.uasset" 349
"../../Plugins/2D/Paper2D/Content/PlaceholderTextures/DummySpriteTexture.uasset" 350
"../../Plugins/2D/Paper2D/Content/DummySprite.uasset" 351
"../../Plugins/2D/Paper2D/Content/DefaultPaperTerrainMaterial.uasset" 352
"../../Plugins/2D/Paper2D/Content/DummySpriteTexture.uasset" 353
"../../Plugins/2D/Paper2D/Content/DefaultSpriteMaterial.uasset" 354
"../../Plugins/2D/Paper2D/Content/MaskedUnlitSpriteMaterial.uasset" 355
"../../Plugins/2D/Paper2D/Content/OpaqueUnlitSpriteMaterial.uasset" 356
"../../Plugins/Runtime/Oculus/OculusVR/Content/OculusMR_RenderTarget.uasset" 357
"../../../Engine/Content/Functions/Engine_MaterialFunctions02/Utility/BreakOutFloat4Components.uasset" 358
"../../../Engine/Content/Functions/Engine_MaterialFunctions02/Utility/MakeFloat2.uasset" 359
"../../../Engine/Content/Functions/Engine_MaterialFunctions02/Utility/MakeFloat3.uasset" 360
"../../Plugins/Runtime/Oculus/OculusVR/Content/Materials/OculusMR_ChromaKey.uasset" 361
"../../Plugins/Runtime/Oculus/OculusVR/Content/Materials/OculusMR_ChromaKey_Lit.uasset" 362
"../../Plugins/Runtime/Oculus/OculusVR/Content/Materials/OculusMR_OpaqueColoredMaterial.uasset" 363
"../../Plugins/Runtime/Oculus/OculusVR/Content/Materials/OculusMR_WhiteMaterial.uasset" 364
"../../Plugins/Runtime/Oculus/OculusVR/Content/Materials/PokeAHoleMaterial.uasset" 365
"../../Plugins/Runtime/Oculus/OculusVR/Content/Textures/GearVRController_AO.uasset" 366
"../../Plugins/Runtime/Oculus/OculusVR/Content/Textures/GearVRController_Color.uasset" 367
"../../Plugins/Runtime/Oculus/OculusVR/Content/Textures/GearVRController_Normal.uasset" 368
"../../Plugins/Runtime/Oculus/OculusVR/Content/Materials/GearVRControllerMaterial.uasset" 369
"../../Plugins/Runtime/Oculus/OculusVR/Content/Meshes/GearVrController.uasset" 370
"../../Plugins/Runtime/Oculus/OculusVR/Content/Textures/touchController_albedo.uasset" 371
"../../Plugins/Runtime/Oculus/OculusVR/Content/Textures/touchController_controlmap.uasset" 372
"../../Plugins/Runtime/Oculus/OculusVR/Content/Materials/touchController_mat.uasset" 373
"../../Plugins/Runtime/Oculus/OculusVR/Content/Meshes/LeftTouchController.uasset" 374
"../../Plugins/Runtime/Oculus/OculusVR/Content/Meshes/RiftHMD.uasset" 375
"../../Plugins/Runtime/Oculus/OculusVR/Content/Meshes/RightTouchController.uasset" 376
"../../../Engine/Content/EngineSky/C_Sky_Cloud_Color.uasset" 377
"../../../Engine/Content/EngineSky/C_Sky_Horizon_Color.uasset" 378
"../../../Engine/Content/EngineSky/C_Sky_Zenith_Color.uasset" 379
"../../../Engine/Content/EngineSky/T_Sky_Blue.uasset" 380
"../../../Engine/Content/EngineSky/T_Sky_Clouds_M.uasset" 381
"../../../Engine/Content/EngineSky/T_Sky_Stars.uasset" 382
"../../../Engine/Content/EngineSky/M_Sky_Panning_Clouds2.uasset" 383
"../../../Engine/Content/EngineSky/SM_SkySphere.uasset" 384
"../../../Engine/Content/EngineSky/BP_Sky_Sphere.uasset" 385
"../../../../../../Users/theja/git/Child_of_the_Forest/Content/NewMap_BuiltData.uasset" 386
"../../../Engine/Content/MapTemplates/SM_Template_Map_Floor.uasset" 387
"../../../../../../Users/theja/git/Child_of_the_Forest/Content/NewMap.umap" 388
"../../../../../../Users/theja/git/Child_of_the_Forest/Content/GameUI/UI/Controls.uasset" 389
"../../../../../../Users/theja/git/Child_of_the_Forest/Content/GameUI/UI/Options.uasset" 390
"../../../../../../Users/theja/git/Child_of_the_Forest/Content/GameUI/UI/MainMenu.uasset" 391
"../../../../../../Users/theja/git/Child_of_the_Forest/Content/GameUI/LevelsUI/MainMenu.umap" 392
"../../../../../../Users/theja/git/Child_of_the_Forest/Content/GameUI/LevelsUI/World.umap" 393
"../../../../../../Users/theja/git/Child_of_the_Forest/Content/Blueprints/Cameras/BP_CamGarciaTestGhost.uasset" 394
"../../../../../../Users/theja/git/Child_of_the_Forest/Content/Blueprints/Cameras/BP_CamGarciaTestWitch.uasset" 395
"../../../../../../Users/theja/git/Child_of_the_Forest/Content/Blueprints/BP_PlayerController.uasset" 396
"../../../../../../Users/theja/git/Child_of_the_Forest/Content/Blueprints/HoverComponent.uasset" 397
"../../../../../../Users/theja/git/Child_of_the_Forest/Content/Levels/GarciaTestMain_BuiltData.uasset" 398
"../../../../../../Users/theja/git/Child_of_the_Forest/Content/Materials/mat_groundtest.uasset" 399
"../../../../../../Users/theja/git/Child_of_the_Forest/Content/Static_Meshes/rock_1.uasset" 400
"../../../../../../Users/theja/git/Child_of_the_Forest/Content/Static_Meshes/rock_2.uasset" 401
"../../../../../../Users/theja/git/Child_of_the_Forest/Content/Static_Meshes/rock_3.uasset" 402
"../../../../../../Users/theja/git/Child_of_the_Forest/Content/Static_Meshes/rock_4.uasset" 403
"../../../../../../Users/theja/git/Child_of_the_Forest/Content/Static_Meshes/rock_5.uasset" 404
"../../../../../../Users/theja/git/Child_of_the_Forest/Content/Static_Meshes/rock_6.uasset" 405
"../../../../../../Users/theja/git/Child_of_the_Forest/Content/Static_Meshes/rock_7.uasset" 406
"../../../../../../Users/theja/git/Child_of_the_Forest/Content/Static_Meshes/rock_8.uasset" 407
"../../../../../../Users/theja/git/Child_of_the_Forest/Content/Static_Meshes/testtree_StaticMesh.uasset" 408
"../../../../../../Users/theja/git/Child_of_the_Forest/Content/Levels/GarciaTestMain.umap" 409
"../../../../../../Users/theja/git/Child_of_the_Forest/Content/Blueprints/BP_GhostSpawn.uasset" 410
"../../../../../../Users/theja/git/Child_of_the_Forest/Content/Test/RiverPuzzleResources/GhostSpots/GhostSpot01.uasset" 411
"../../../../../../Users/theja/git/Child_of_the_Forest/Content/Test/RiverPuzzleResources/GhostSpots/GhostSpot02.uasset" 412
"../../../../../../Users/theja/git/Child_of_the_Forest/Content/Test/RiverPuzzleResources/GhostSpots/GhostSpot03.uasset" 413
"../../../../../../Users/theja/git/Child_of_the_Forest/Content/Test/RiverPuzzleResources/GhostSpots/GhostSpot04.uasset" 414
"../../../../../../Users/theja/git/Child_of_the_Forest/Content/Test/RiverPuzzleResources/GhostSpots/GhostSpot05.uasset" 415
"../../../../../../Users/theja/git/Child_of_the_Forest/Content/Test/RiverPuzzleResources/GhostSpots/GhostSpot06.uasset" 416
"../../../../../../Users/theja/git/Child_of_the_Forest/Content/Test/RiverPuzzleResources/GhostSpots/GhostSpot07.uasset" 417
"../../../../../../Users/theja/git/Child_of_the_Forest/Content/Test/RiverPuzzleResources/GhostSpots/GhostSpot08.uasset" 418
"../../../../../../Users/theja/git/Child_of_the_Forest/Content/Test/RiverPuzzleResources/GhostSpots/GhostSpot09.uasset" 419
"../../../../../../Users/theja/git/Child_of_the_Forest/Content/Test/RiverPuzzleResources/GhostSpots/GhostSpot10.uasset" 420
"../../../../../../Users/theja/git/Child_of_the_Forest/Content/Test/RiverPuzzleResources/GhostSpots/GhostSpot11.uasset" 421
"../../../../../../Users/theja/git/Child_of_the_Forest/Content/Test/RiverPuzzleResources/GhostSpots/GhostSpot12.uasset" 422
"../../../../../../Users/theja/git/Child_of_the_Forest/Content/Test/RiverPuzzleResources/GhostSpots/GhostSpot13.uasset" 423
"../../../../../../Users/theja/git/Child_of_the_Forest/Content/Test/RiverPuzzleResources/GhostSpots/GhostSpot14.uasset" 424
"../../../../../../Users/theja/git/Child_of_the_Forest/Content/Test/RiverPuzzleResources/RiverPlatforms/RiverPlatform01.uasset" 425
"../../../../../../Users/theja/git/Child_of_the_Forest/Content/Test/RiverPuzzleResources/RiverPlatforms/RiverPlatform02.uasset" 426
"../../../../../../Users/theja/git/Child_of_the_Forest/Content/Test/RiverPuzzleResources/RiverPlatforms/RiverPlatform03.uasset" 427
"../../../../../../Users/theja/git/Child_of_the_Forest/Content/Test/RiverPuzzleResources/RiverPlatforms/RiverPlatform04.uasset" 428
"../../../../../../Users/theja/git/Child_of_the_Forest/Content/Test/RiverPuzzleResources/RiverPlatforms/RiverPlatform05.uasset" 429
"../../../../../../Users/theja/git/Child_of_the_Forest/Content/Test/RiverPuzzleResources/RiverPlatforms/RiverPlatform06.uasset" 430
"../../../../../../Users/theja/git/Child_of_the_Forest/Content/Test/RiverPuzzleResources/RiverPlatforms/RiverPlatform07.uasset" 431
"../../../../../../Users/theja/git/Child_of_the_Forest/Content/Test/RiverPuzzleResources/RiverPlatforms/RiverPlatform08.uasset" 432
"../../../../../../Users/theja/git/Child_of_the_Forest/Content/Test/RiverPuzzleResources/RiverPlatforms/RiverPlatform09.uasset" 433
"../../../../../../Users/theja/git/Child_of_the_Forest/Content/Test/RiverPuzzleResources/RiverPlatforms/RiverPlatform10.uasset" 434
"../../../../../../Users/theja/git/Child_of_the_Forest/Content/Test/RiverPuzzleResources/RiverPlatforms/RiverPlatform11.uasset" 435
"../../../../../../Users/theja/git/Child_of_the_Forest/Content/Test/RiverPuzzleResources/RiverPlatforms/RiverPlatform12.uasset" 436
"../../../../../../Users/theja/git/Child_of_the_Forest/Content/Test/RiverPuzzleResources/RiverPlatforms/RiverPlatform13.uasset" 437
"../../../../../../Users/theja/git/Child_of_the_Forest/Content/Test/RiverPuzzleResources/RiverPlatforms/RiverPlatform14.uasset" 438
"../../../../../../Users/theja/git/Child_of_the_Forest/Content/Levels/Jemon_Testing_BuiltData.uasset" 439
"../../../../../../Users/theja/git/Child_of_the_Forest/Content/Levels/Jemon_Testing.umap" 440
"../../../../../../Users/theja/git/Child_of_the_Forest/Content/Audio/BGS/ambience_river.uasset" 441
"../../../../../../Users/theja/git/Child_of_the_Forest/Content/Materials/mat_water.uasset" 442
"../../../../../../Users/theja/git/Child_of_the_Forest/Content/Static_Meshes/SM_River.uasset" 443
"../../../../../../Users/theja/git/Child_of_the_Forest/Content/Blueprints/BP_River.uasset" 444
"../../../../../../Users/theja/git/Child_of_the_Forest/Content/Blueprints/BP_BigTree_2.uasset" 445
"../../../../../../Users/theja/git/Child_of_the_Forest/Content/Blueprints/BP_Interactable.uasset" 446
"../../../Engine/Content/BasicShapes/Cube.uasset" 447
"../../../../../../Users/theja/git/Child_of_the_Forest/Content/Audio/SFX/object_break.uasset" 448
"../../../../../../Users/theja/git/Child_of_the_Forest/Content/Blueprints/BP_BreakableTile.uasset" 449
"../../../../../../Users/theja/git/Child_of_the_Forest/Content/Static_Meshes/SM_BridgePlaceholder.uasset" 450
"../../../../../../Users/theja/git/Child_of_the_Forest/Content/Blueprints/BP_MovingBridge.uasset" 451
"../../../../../../Users/theja/git/Child_of_the_Forest/Content/Blueprints/BP_Sky_Sphere.uasset" 452
"../../../../../../Users/theja/git/Child_of_the_Forest/Content/Audio/SFX/button_click.uasset" 453
"../../../../../../Users/theja/git/Child_of_the_Forest/Content/Audio/SFX/object_drag.uasset" 454
"../../../../../../Users/theja/git/Child_of_the_Forest/Content/Materials/mat_stableplatform.uasset" 455
"../../../../../../Users/theja/git/Child_of_the_Forest/Content/Static_Meshes/SM_BridgeButton.uasset" 456
"../../../../../../Users/theja/git/Child_of_the_Forest/Content/Blueprints/TreeAndBridgeButtons/TheseWorkWithGhost/BP_BridgeButtonGhost.uasset" 457
"../../../../../../Users/theja/git/Child_of_the_Forest/Content/Blueprints/TreeAndBridgeButtons/TheseWorkWithGhost/BP_TreeButtonGhost2.uasset" 458
"../../../../../../Users/theja/git/Child_of_the_Forest/Content/Levels/Level_1_Whitebox_BuiltData.uasset" 459
"../../../../../../Users/theja/git/Child_of_the_Forest/Content/Materials/mat_dirt.uasset" 460
"../../../../../../Users/theja/git/Child_of_the_Forest/Content/Materials/mat_fallingplatform.uasset" 461
"../../../../../../Users/theja/git/Child_of_the_Forest/Content/Materials/mat_grass.uasset" 462
"../../../../../../Users/theja/git/Child_of_the_Forest/Content/Audio/BGM/house_02.uasset" 463
"../../../../../../Users/theja/git/Child_of_the_Forest/Content/Audio/BGS/ambience_forest.uasset" 464
"../../../../../../Users/theja/git/Child_of_the_Forest/Content/GameUI/UI/FlashEffect.uasset" 465
"../../../../../../Users/theja/git/Child_of_the_Forest/Content/Levels/Level_1_Whitebox.umap" 466
"../../../../../../Users/theja/git/Child_of_the_Forest/Content/Blueprints/BP_Bridge.uasset" 467
"../../../../../../Users/theja/git/Child_of_the_Forest/Content/Levels/Main_BuiltData.uasset" 468
"../../../../../../Users/theja/git/Child_of_the_Forest/Content/Levels/Main.umap" 469
"../../../../../../Users/theja/git/Child_of_the_Forest/Content/Test/GhostSpots/GhostSpot01.uasset" 470
"../../../../../../Users/theja/git/Child_of_the_Forest/Content/Test/GhostSpot1.uasset" 471
"../../../../../../Users/theja/git/Child_of_the_Forest/Content/Test/RiverPlatform1.uasset" 472
"../../../../../../Users/theja/git/Child_of_the_Forest/Content/Test/Platform1_StaticMesh_Blueprint.uasset" 473
"../../../../../../Users/theja/git/Child_of_the_Forest/Content/Levels/Testbox_BuiltData.uasset" 474
"../../../../../../Users/theja/git/Child_of_the_Forest/Content/Levels/Testbox.umap" 475
"../../../Engine/Content/Maps/Entry_BuiltData.uasset" 476
"../../../Engine/Content/Maps/Entry.umap" 477
